<?xml version="1.0" encoding="UTF-8"?>
<testng-results ignored="0" total="2" passed="2" failed="0" skipped="0">
  <reporter-output>
  </reporter-output>
  <suite started-at="2021-11-16T15:38:29Z" name="Suite" finished-at="2021-11-16T15:38:43Z" duration-ms="13762">
    <groups>
      <group name="cucumber">
        <method signature="AbstractTestNGCucumberTests.runScenario(io.cucumber.testng.PickleWrapper, io.cucumber.testng.FeatureWrapper)[pri:0, instance:rest.cucumber.Options.TestRunner@71e9ebae]" name="runScenario" class="io.cucumber.testng.AbstractTestNGCucumberTests"/>
      </group> <!-- cucumber -->
    </groups>
    <test started-at="2021-11-16T15:38:29Z" name="Test" finished-at="2021-11-16T15:38:43Z" duration-ms="13762">
      <class name="rest.cucumber.Options.TestRunner">
        <test-method is-config="true" signature="setUpClass()[pri:0, instance:rest.cucumber.Options.TestRunner@71e9ebae]" started-at="2021-11-16T15:38:29Z" name="setUpClass" finished-at="2021-11-16T15:38:30Z" duration-ms="564" status="PASS">
          <reporter-output>
          </reporter-output>
        </test-method> <!-- setUpClass -->
        <test-method signature="runScenario(io.cucumber.testng.PickleWrapper, io.cucumber.testng.FeatureWrapper)[pri:0, instance:rest.cucumber.Options.TestRunner@71e9ebae]" started-at="2021-11-16T15:38:30Z" name="runScenario" description="Runs Cucumber Scenarios" data-provider="scenarios" finished-at="2021-11-16T15:38:38Z" duration-ms="8227" status="PASS">
          <params>
            <param index="0">
              <value>
                <![CDATA["Verify if place is being successfully added using AddPlaceAPI"]]>
              </value>
            </param>
            <param index="1">
              <value>
                <![CDATA["Optional[Validation Place API's]"]]>
              </value>
            </param>
          </params>
          <reporter-output>
          </reporter-output>
        </test-method> <!-- runScenario -->
        <test-method signature="runScenario(io.cucumber.testng.PickleWrapper, io.cucumber.testng.FeatureWrapper)[pri:0, instance:rest.cucumber.Options.TestRunner@71e9ebae]" started-at="2021-11-16T15:38:38Z" name="runScenario" description="Runs Cucumber Scenarios" data-provider="scenarios" finished-at="2021-11-16T15:38:41Z" duration-ms="3073" status="PASS">
          <params>
            <param index="0">
              <value>
                <![CDATA["Verify if delete place functionality is working"]]>
              </value>
            </param>
            <param index="1">
              <value>
                <![CDATA["Optional[Validation Place API's]"]]>
              </value>
            </param>
          </params>
          <reporter-output>
          </reporter-output>
        </test-method> <!-- runScenario -->
        <test-method is-config="true" signature="tearDownClass()[pri:0, instance:rest.cucumber.Options.TestRunner@71e9ebae]" started-at="2021-11-16T15:38:41Z" name="tearDownClass" finished-at="2021-11-16T15:38:43Z" duration-ms="1885" status="PASS">
          <reporter-output>
          </reporter-output>
        </test-method> <!-- tearDownClass -->
      </class> <!-- rest.cucumber.Options.TestRunner -->
    </test> <!-- Test -->
  </suite> <!-- Suite -->
</testng-results>
